# JRE version: Java(TM) SE Runtime Environment (8.0_202-b08) (build 1.8.0_202-b08)
# Java VM: Java HotSpot(TM) Client VM (25.202-b08 mixed mode windows-x86 )
Heap:
 def new generation   total 12096K, used 1124K [0x04a00000, 0x05720000, 0x0f4a0000)
  eden space 10752K,   2% used [0x04a00000, 0x04a36638, 0x05480000)
  from space 1344K,  67% used [0x05480000, 0x05562a30, 0x055d0000)
  to   space 1344K,   0% used [0x055d0000, 0x055d0000, 0x05720000)
 tenured generation   total 26828K, used 16095K [0x0f4a0000, 0x10ed3000, 0x24a00000)
   the space 26828K,  59% used [0x0f4a0000, 0x10457f20, 0x10458000, 0x10ed3000)
 Metaspace       used 12473K, capacity 12691K, committed 12800K, reserved 13696K
GC Heap History (10 events):
Event: 6.993 GC heap before
{Heap before GC invocations=16 (full 1):
 def new generation   total 7424K, used 7258K [0x04a00000, 0x05200000, 0x0f4a0000)
  eden space 6656K,  99% used [0x04a00000, 0x05078238, 0x05080000)
  from space 768K,  82% used [0x05080000, 0x0511e620, 0x05140000)
  to   space 768K,   0% used [0x05140000, 0x05140000, 0x05200000)
 tenured generation   total 16272K, used 12573K [0x0f4a0000, 0x10484000, 0x24a00000)
   the space 16272K,  77% used [0x0f4a0000, 0x100e7778, 0x100e7800, 0x10484000)
 Metaspace       used 12358K, capacity 12576K, committed 12672K, reserved 12672K
Event: 6.995 GC heap after
Heap after GC invocations=17 (full 1):
 def new generation   total 7424K, used 370K [0x04a00000, 0x05200000, 0x0f4a0000)
  eden space 6656K,   0% used [0x04a00000, 0x04a00000, 0x05080000)
  from space 768K,  48% used [0x05140000, 0x0519c9b0, 0x05200000)
  to   space 768K,   0% used [0x05080000, 0x05080000, 0x05140000)
 tenured generation   total 16272K, used 12820K [0x0f4a0000, 0x10484000, 0x24a00000)
   the space 16272K,  78% used [0x0f4a0000, 0x101253b8, 0x10125400, 0x10484000)
 Metaspace       used 12358K, capacity 12576K, committed 12672K, reserved 12672K
}
Event: 7.043 GC heap before
{Heap before GC invocations=17 (full 1):
 def new generation   total 7424K, used 6770K [0x04a00000, 0x05200000, 0x0f4a0000)
  eden space 6656K,  96% used [0x04a00000, 0x050400c0, 0x05080000)
  from space 768K,  48% used [0x05140000, 0x0519c9b0, 0x05200000)
  to   space 768K,   0% used [0x05080000, 0x05080000, 0x05140000)
 tenured generation   total 16272K, used 12820K [0x0f4a0000, 0x10484000, 0x24a00000)
   the space 16272K,  78% used [0x0f4a0000, 0x101253b8, 0x10125400, 0x10484000)
 Metaspace       used 12442K, capacity 12674K, committed 12800K, reserved 13696K
Event: 7.045 GC heap after
Heap after GC invocations=18 (full 1):
 def new generation   total 7424K, used 768K [0x04a00000, 0x05200000, 0x0f4a0000)
  eden space 6656K,   0% used [0x04a00000, 0x04a00000, 0x05080000)
  from space 768K, 100% used [0x05080000, 0x05140000, 0x05140000)
  to   space 768K,   0% used [0x05140000, 0x05140000, 0x05200000)
 tenured generation   total 16272K, used 15105K [0x0f4a0000, 0x10484000, 0x24a00000)
   the space 16272K,  92% used [0x0f4a0000, 0x10360580, 0x10360600, 0x10484000)
 Metaspace       used 12442K, capacity 12674K, committed 12800K, reserved 13696K
}
Event: 7.111 GC heap before
{Heap before GC invocations=18 (full 1):
 def new generation   total 7424K, used 7424K [0x04a00000, 0x05200000, 0x0f4a0000)
  eden space 6656K, 100% used [0x04a00000, 0x05080000, 0x05080000)
  from space 768K, 100% used [0x05080000, 0x05140000, 0x05140000)
  to   space 768K,   0% used [0x05140000, 0x05140000, 0x05200000)
 tenured generation   total 16272K, used 15105K [0x0f4a0000, 0x10484000, 0x24a00000)
   the space 16272K,  92% used [0x0f4a0000, 0x10360580, 0x10360600, 0x10484000)
 Metaspace       used 12459K, capacity 12706K, committed 12800K, reserved 13696K
Event: 7.125 GC heap after
Heap after GC invocations=19 (full 2):
 def new generation   total 12096K, used 0K [0x04a00000, 0x05720000, 0x0f4a0000)
  eden space 10752K,   0% used [0x04a00000, 0x04a00000, 0x05480000)
  from space 1344K,   0% used [0x05480000, 0x05480000, 0x055d0000)
  to   space 1344K,   0% used [0x055d0000, 0x055d0000, 0x05720000)
 tenured generation   total 26828K, used 16095K [0x0f4a0000, 0x10ed3000, 0x24a00000)
   the space 26828K,  59% used [0x0f4a0000, 0x10457f20, 0x10458000, 0x10ed3000)
 Metaspace       used 12454K, capacity 12691K, committed 12800K, reserved 13696K
}
Event: 8.462 GC heap before
{Heap before GC invocations=19 (full 2):
 def new generation   total 12096K, used 10752K [0x04a00000, 0x05720000, 0x0f4a0000)
  eden space 10752K, 100% used [0x04a00000, 0x05480000, 0x05480000)
  from space 1344K,   0% used [0x05480000, 0x05480000, 0x055d0000)
  to   space 1344K,   0% used [0x055d0000, 0x055d0000, 0x05720000)
 tenured generation   total 26828K, used 16095K [0x0f4a0000, 0x10ed3000, 0x24a00000)
   the space 26828K,  59% used [0x0f4a0000, 0x10457f20, 0x10458000, 0x10ed3000)
 Metaspace       used 12470K, capacity 12691K, committed 12800K, reserved 13696K
Event: 8.463 GC heap after
Heap after GC invocations=20 (full 2):
 def new generation   total 12096K, used 225K [0x04a00000, 0x05720000, 0x0f4a0000)
  eden space 10752K,   0% used [0x04a00000, 0x04a00000, 0x05480000)
  from space 1344K,  16% used [0x055d0000, 0x05608650, 0x05720000)
  to   space 1344K,   0% used [0x05480000, 0x05480000, 0x055d0000)
 tenured generation   total 26828K, used 16095K [0x0f4a0000, 0x10ed3000, 0x24a00000)
   the space 26828K,  59% used [0x0f4a0000, 0x10457f20, 0x10458000, 0x10ed3000)
 Metaspace       used 12470K, capacity 12691K, committed 12800K, reserved 13696K
}
Event: 21.887 GC heap before
{Heap before GC invocations=20 (full 2):
 def new generation   total 12096K, used 10977K [0x04a00000, 0x05720000, 0x0f4a0000)
  eden space 10752K, 100% used [0x04a00000, 0x05480000, 0x05480000)
  from space 1344K,  16% used [0x055d0000, 0x05608650, 0x05720000)
  to   space 1344K,   0% used [0x05480000, 0x05480000, 0x055d0000)
 tenured generation   total 26828K, used 16095K [0x0f4a0000, 0x10ed3000, 0x24a00000)
   the space 26828K,  59% used [0x0f4a0000, 0x10457f20, 0x10458000, 0x10ed3000)
 Metaspace       used 12473K, capacity 12691K, committed 12800K, reserved 13696K
Event: 21.888 GC heap after
Heap after GC invocations=21 (full 2):
 def new generation   total 12096K, used 906K [0x04a00000, 0x05720000, 0x0f4a0000)
  eden space 10752K,   0% used [0x04a00000, 0x04a00000, 0x05480000)
  from space 1344K,  67% used [0x05480000, 0x05562a30, 0x055d0000)
  to   space 1344K,   0% used [0x055d0000, 0x055d0000, 0x05720000)
 tenured generation   total 26828K, used 16095K [0x0f4a0000, 0x10ed3000, 0x24a00000)
   the space 26828K,  59% used [0x0f4a0000, 0x10457f20, 0x10458000, 0x10ed3000)
 Metaspace       used 12473K, capacity 12691K, committed 12800K, reserved 13696K
}

